2025/03/28 23:37:06 [notice] 1#1: using the "epoll" event method
2025/03/28 23:37:06 [notice] 1#1: nginx/1.27.4
2025/03/28 23:37:06 [notice] 1#1: built by gcc 14.2.0 (Alpine 14.2.0) 
2025/03/28 23:37:06 [notice] 1#1: OS: Linux 5.15.167.4-microsoft-standard-WSL2
2025/03/28 23:37:06 [notice] 1#1: getrlimit(RLIMIT_NOFILE): 1048576:1048576
2025/03/28 23:37:06 [notice] 1#1: start worker processes
2025/03/28 23:37:06 [notice] 1#1: start worker process 20
2025/03/28 23:37:06 [notice] 1#1: start worker process 21
2025/03/28 23:37:06 [notice] 1#1: start worker process 22
2025/03/28 23:37:06 [notice] 1#1: start worker process 23
2025/03/28 23:37:06 [notice] 1#1: start worker process 24
2025/03/28 23:37:06 [notice] 1#1: start worker process 25
2025/03/28 23:37:06 [notice] 1#1: start worker process 26
2025/03/28 23:37:06 [notice] 1#1: start worker process 27
2025/03/28 23:37:06 [notice] 1#1: start worker process 28
2025/03/28 23:37:06 [notice] 1#1: start worker process 29
2025/03/28 23:37:06 [notice] 1#1: start worker process 30
2025/03/28 23:37:06 [notice] 1#1: start worker process 31
2025/03/28 23:54:32 [notice] 1#1: signal 3 (SIGQUIT) received, shutting down
2025/03/28 23:54:32 [notice] 21#21: gracefully shutting down
2025/03/28 23:54:32 [notice] 22#22: gracefully shutting down
2025/03/28 23:54:32 [notice] 24#24: gracefully shutting down
2025/03/28 23:54:32 [notice] 21#21: exiting
2025/03/28 23:54:32 [notice] 25#25: gracefully shutting down
2025/03/28 23:54:32 [notice] 22#22: exiting
2025/03/28 23:54:32 [notice] 29#29: gracefully shutting down
2025/03/28 23:54:32 [notice] 31#31: gracefully shutting down
2025/03/28 23:54:32 [notice] 27#27: gracefully shutting down
2025/03/28 23:54:32 [notice] 26#26: gracefully shutting down
2025/03/28 23:54:32 [notice] 28#28: gracefully shutting down
2025/03/28 23:54:32 [notice] 30#30: gracefully shutting down
2025/03/28 23:54:32 [notice] 29#29: exiting
2025/03/28 23:54:32 [notice] 31#31: exiting
2025/03/28 23:54:32 [notice] 26#26: exiting
2025/03/28 23:54:32 [notice] 27#27: exiting
2025/03/28 23:54:32 [notice] 25#25: exiting
2025/03/28 23:54:32 [notice] 31#31: exit
2025/03/28 23:54:32 [notice] 26#26: exit
2025/03/28 23:54:32 [notice] 22#22: exit
2025/03/28 23:54:32 [notice] 29#29: exit
2025/03/28 23:54:32 [notice] 27#27: exit
2025/03/28 23:54:32 [notice] 30#30: exiting
2025/03/28 23:54:32 [notice] 25#25: exit
2025/03/28 23:54:32 [notice] 30#30: exit
2025/03/28 23:54:32 [notice] 20#20: gracefully shutting down
2025/03/28 23:54:32 [notice] 21#21: exit
2025/03/28 23:54:32 [notice] 28#28: exiting
2025/03/28 23:54:32 [notice] 24#24: exiting
2025/03/28 23:54:32 [notice] 23#23: gracefully shutting down
2025/03/28 23:54:32 [notice] 28#28: exit
2025/03/28 23:54:32 [notice] 24#24: exit
2025/03/28 23:54:32 [notice] 23#23: exiting
2025/03/28 23:54:32 [notice] 23#23: exit
2025/03/28 23:54:32 [notice] 1#1: signal 17 (SIGCHLD) received from 31
2025/03/28 23:54:32 [notice] 1#1: worker process 31 exited with code 0
2025/03/28 23:54:32 [notice] 1#1: signal 29 (SIGIO) received
2025/03/28 23:54:32 [notice] 1#1: signal 17 (SIGCHLD) received from 26
2025/03/28 23:54:32 [notice] 1#1: worker process 21 exited with code 0
2025/03/28 23:54:32 [notice] 1#1: worker process 22 exited with code 0
2025/03/28 23:54:32 [notice] 1#1: worker process 24 exited with code 0
2025/03/28 23:54:32 [notice] 1#1: worker process 26 exited with code 0
2025/03/28 23:54:32 [notice] 1#1: worker process 27 exited with code 0
2025/03/28 23:54:32 [notice] 1#1: worker process 28 exited with code 0
2025/03/28 23:54:32 [notice] 1#1: signal 29 (SIGIO) received
2025/03/28 23:54:32 [notice] 1#1: signal 17 (SIGCHLD) received from 25
2025/03/28 23:54:32 [notice] 1#1: worker process 23 exited with code 0
2025/03/28 23:54:32 [notice] 1#1: worker process 25 exited with code 0
2025/03/28 23:54:32 [notice] 1#1: worker process 29 exited with code 0
2025/03/28 23:54:32 [notice] 1#1: signal 29 (SIGIO) received
2025/03/28 23:54:32 [notice] 1#1: signal 17 (SIGCHLD) received from 30
2025/03/28 23:54:32 [notice] 1#1: worker process 30 exited with code 0
2025/03/28 23:54:32 [notice] 1#1: signal 29 (SIGIO) received
2025/03/28 23:54:55 [notice] 1#1: using the "epoll" event method
2025/03/28 23:54:55 [notice] 1#1: nginx/1.27.4
2025/03/28 23:54:55 [notice] 1#1: built by gcc 14.2.0 (Alpine 14.2.0) 
2025/03/28 23:54:55 [notice] 1#1: OS: Linux 5.15.167.4-microsoft-standard-WSL2
2025/03/28 23:54:55 [notice] 1#1: getrlimit(RLIMIT_NOFILE): 1048576:1048576
2025/03/28 23:54:55 [notice] 1#1: start worker processes
2025/03/28 23:54:55 [notice] 1#1: start worker process 20
2025/03/28 23:54:55 [notice] 1#1: start worker process 21
2025/03/28 23:54:55 [notice] 1#1: start worker process 22
2025/03/28 23:54:55 [notice] 1#1: start worker process 23
2025/03/28 23:54:55 [notice] 1#1: start worker process 24
2025/03/28 23:54:55 [notice] 1#1: start worker process 25
2025/03/28 23:54:55 [notice] 1#1: start worker process 26
2025/03/28 23:54:55 [notice] 1#1: start worker process 27
2025/03/28 23:54:55 [notice] 1#1: start worker process 28
2025/03/28 23:54:55 [notice] 1#1: start worker process 29
2025/03/28 23:54:55 [notice] 1#1: start worker process 30
2025/03/28 23:54:55 [notice] 1#1: start worker process 31
2025/03/28 23:55:57 [notice] 1#1: signal 3 (SIGQUIT) received, shutting down
2025/03/28 23:55:57 [notice] 22#22: gracefully shutting down
2025/03/28 23:55:57 [notice] 20#20: gracefully shutting down
2025/03/28 23:55:57 [notice] 24#24: gracefully shutting down
2025/03/28 23:55:57 [notice] 21#21: gracefully shutting down
2025/03/28 23:55:57 [notice] 23#23: gracefully shutting down
2025/03/28 23:55:57 [notice] 26#26: gracefully shutting down
2025/03/28 23:55:57 [notice] 24#24: exiting
2025/03/28 23:55:57 [notice] 21#21: exiting
2025/03/28 23:55:57 [notice] 27#27: gracefully shutting down
2025/03/28 23:55:57 [notice] 23#23: exiting
2025/03/28 23:55:57 [notice] 26#26: exiting
2025/03/28 23:55:57 [notice] 27#27: exiting
2025/03/28 23:55:57 [notice] 29#29: gracefully shutting down
2025/03/28 23:55:57 [notice] 27#27: exit
2025/03/28 23:55:57 [notice] 20#20: exiting
2025/03/28 23:55:57 [notice] 29#29: exiting
2025/03/28 23:55:57 [notice] 24#24: exit
2025/03/28 23:55:57 [notice] 26#26: exit
2025/03/28 23:55:57 [notice] 21#21: exit
2025/03/28 23:55:57 [notice] 23#23: exit
2025/03/28 23:55:57 [notice] 29#29: exit
2025/03/28 23:55:57 [notice] 20#20: exit
2025/03/28 23:55:57 [notice] 28#28: gracefully shutting down
2025/03/28 23:55:57 [notice] 28#28: exiting
2025/03/28 23:55:57 [notice] 28#28: exit
2025/03/28 23:55:57 [notice] 30#30: gracefully shutting down
2025/03/28 23:55:57 [notice] 31#31: gracefully shutting down
2025/03/28 23:55:57 [notice] 30#30: exiting
2025/03/28 23:55:57 [notice] 31#31: exiting
2025/03/28 23:55:57 [notice] 25#25: gracefully shutting down
2025/03/28 23:55:57 [notice] 30#30: exit
2025/03/28 23:55:57 [notice] 25#25: exiting
2025/03/28 23:55:57 [notice] 25#25: exit
2025/03/28 23:55:57 [notice] 31#31: exit
2025/03/28 23:55:57 [notice] 1#1: signal 17 (SIGCHLD) received from 30
2025/03/28 23:55:57 [notice] 1#1: worker process 27 exited with code 0
2025/03/28 23:55:57 [notice] 1#1: worker process 30 exited with code 0
2025/03/28 23:55:57 [notice] 1#1: signal 29 (SIGIO) received
2025/03/28 23:55:57 [notice] 1#1: signal 17 (SIGCHLD) received from 26
2025/03/28 23:55:57 [notice] 1#1: worker process 20 exited with code 0
2025/03/28 23:55:57 [notice] 1#1: worker process 21 exited with code 0
2025/03/28 23:55:57 [notice] 1#1: worker process 26 exited with code 0
2025/03/28 23:55:57 [notice] 1#1: worker process 28 exited with code 0
2025/03/28 23:55:57 [notice] 1#1: signal 29 (SIGIO) received
2025/03/28 23:55:57 [notice] 1#1: signal 17 (SIGCHLD) received from 24
2025/03/28 23:55:57 [notice] 1#1: worker process 23 exited with code 0
2025/03/28 23:55:57 [notice] 1#1: worker process 24 exited with code 0
2025/03/28 23:55:57 [notice] 1#1: worker process 25 exited with code 0
2025/03/28 23:55:57 [notice] 1#1: signal 29 (SIGIO) received
2025/03/28 23:55:57 [notice] 1#1: signal 17 (SIGCHLD) received from 29
2025/03/28 23:55:57 [notice] 1#1: worker process 29 exited with code 0
2025/03/28 23:55:57 [notice] 1#1: worker process 31 exited with code 0
2025/03/28 23:55:57 [notice] 1#1: signal 29 (SIGIO) received
2025/03/28 23:56:08 [notice] 22#22: exiting
2025/03/28 23:56:08 [notice] 22#22: exit
2025/03/28 23:56:08 [notice] 1#1: signal 17 (SIGCHLD) received from 22
2025/03/28 23:56:08 [notice] 1#1: worker process 22 exited with code 0
2025/03/28 23:56:08 [notice] 1#1: exit
2025/03/28 23:57:10 [notice] 1#1: using the "epoll" event method
2025/03/28 23:57:10 [notice] 1#1: nginx/1.27.4
2025/03/28 23:57:10 [notice] 1#1: built by gcc 14.2.0 (Alpine 14.2.0) 
2025/03/28 23:57:10 [notice] 1#1: OS: Linux 5.15.167.4-microsoft-standard-WSL2
2025/03/28 23:57:10 [notice] 1#1: getrlimit(RLIMIT_NOFILE): 1048576:1048576
2025/03/28 23:57:10 [notice] 1#1: start worker processes
2025/03/28 23:57:10 [notice] 1#1: start worker process 20
2025/03/28 23:57:10 [notice] 1#1: start worker process 21
2025/03/28 23:57:10 [notice] 1#1: start worker process 22
2025/03/28 23:57:10 [notice] 1#1: start worker process 23
2025/03/28 23:57:10 [notice] 1#1: start worker process 24
2025/03/28 23:57:10 [notice] 1#1: start worker process 25
2025/03/28 23:57:10 [notice] 1#1: start worker process 26
2025/03/28 23:57:10 [notice] 1#1: start worker process 27
2025/03/28 23:57:10 [notice] 1#1: start worker process 28
2025/03/28 23:57:10 [notice] 1#1: start worker process 29
2025/03/28 23:57:10 [notice] 1#1: start worker process 30
2025/03/28 23:57:10 [notice] 1#1: start worker process 31
2025/03/29 00:01:09 [notice] 1#1: signal 3 (SIGQUIT) received, shutting down
2025/03/29 00:01:09 [notice] 20#20: gracefully shutting down
2025/03/29 00:01:09 [notice] 26#26: gracefully shutting down
2025/03/29 00:01:09 [notice] 27#27: gracefully shutting down
2025/03/29 00:01:09 [notice] 26#26: exiting
2025/03/29 00:01:09 [notice] 25#25: gracefully shutting down
2025/03/29 00:01:09 [notice] 21#21: gracefully shutting down
2025/03/29 00:01:09 [notice] 29#29: gracefully shutting down
2025/03/29 00:01:09 [notice] 30#30: gracefully shutting down
2025/03/29 00:01:09 [notice] 28#28: gracefully shutting down
2025/03/29 00:01:09 [notice] 24#24: gracefully shutting down
2025/03/29 00:01:09 [notice] 25#25: exiting
2025/03/29 00:01:09 [notice] 23#23: gracefully shutting down
2025/03/29 00:01:09 [notice] 27#27: exiting
2025/03/29 00:01:09 [notice] 21#21: exiting
2025/03/29 00:01:09 [notice] 30#30: exiting
2025/03/29 00:01:09 [notice] 29#29: exiting
2025/03/29 00:01:09 [notice] 26#26: exit
2025/03/29 00:01:09 [notice] 28#28: exiting
2025/03/29 00:01:09 [notice] 24#24: exiting
2025/03/29 00:01:09 [notice] 25#25: exit
2025/03/29 00:01:09 [notice] 27#27: exit
2025/03/29 00:01:09 [notice] 21#21: exit
2025/03/29 00:01:09 [notice] 29#29: exit
2025/03/29 00:01:09 [notice] 30#30: exit
2025/03/29 00:01:09 [notice] 28#28: exit
2025/03/29 00:01:09 [notice] 24#24: exit
2025/03/29 00:01:09 [notice] 23#23: exiting
2025/03/29 00:01:09 [notice] 23#23: exit
2025/03/29 00:01:09 [notice] 20#20: exiting
2025/03/29 00:01:09 [notice] 31#31: gracefully shutting down
2025/03/29 00:01:09 [notice] 22#22: gracefully shutting down
2025/03/29 00:01:09 [notice] 20#20: exit
2025/03/29 00:01:09 [notice] 31#31: exiting
2025/03/29 00:01:09 [notice] 22#22: exiting
2025/03/29 00:01:09 [notice] 22#22: exit
2025/03/29 00:01:09 [notice] 31#31: exit
2025/03/29 00:01:09 [notice] 1#1: signal 17 (SIGCHLD) received from 29
2025/03/29 00:01:09 [notice] 1#1: worker process 20 exited with code 0
2025/03/29 00:01:09 [notice] 1#1: worker process 22 exited with code 0
2025/03/29 00:01:09 [notice] 1#1: worker process 27 exited with code 0
2025/03/29 00:01:09 [notice] 1#1: worker process 29 exited with code 0
2025/03/29 00:01:09 [notice] 1#1: worker process 28 exited with code 0
2025/03/29 00:01:09 [notice] 1#1: worker process 30 exited with code 0
2025/03/29 00:01:09 [notice] 1#1: worker process 31 exited with code 0
2025/03/29 00:01:09 [notice] 1#1: signal 29 (SIGIO) received
2025/03/29 00:01:09 [notice] 1#1: signal 17 (SIGCHLD) received from 28
2025/03/29 00:01:09 [notice] 1#1: worker process 21 exited with code 0
2025/03/29 00:01:09 [notice] 1#1: worker process 23 exited with code 0
2025/03/29 00:01:09 [notice] 1#1: worker process 26 exited with code 0
2025/03/29 00:01:09 [notice] 1#1: signal 29 (SIGIO) received
2025/03/29 00:01:09 [notice] 1#1: signal 17 (SIGCHLD) received from 25
2025/03/29 00:01:09 [notice] 1#1: worker process 25 exited with code 0
2025/03/29 00:01:09 [notice] 1#1: signal 29 (SIGIO) received
2025/03/29 00:01:09 [notice] 1#1: signal 17 (SIGCHLD) received from 24
2025/03/29 00:01:09 [notice] 1#1: worker process 24 exited with code 0
2025/03/29 00:01:09 [notice] 1#1: exit
2025/03/29 00:01:40 [notice] 1#1: using the "epoll" event method
2025/03/29 00:01:40 [notice] 1#1: nginx/1.27.4
2025/03/29 00:01:40 [notice] 1#1: built by gcc 14.2.0 (Alpine 14.2.0) 
2025/03/29 00:01:40 [notice] 1#1: OS: Linux 5.15.167.4-microsoft-standard-WSL2
2025/03/29 00:01:40 [notice] 1#1: getrlimit(RLIMIT_NOFILE): 1048576:1048576
2025/03/29 00:01:40 [notice] 1#1: start worker processes
2025/03/29 00:01:40 [notice] 1#1: start worker process 20
2025/03/29 00:01:40 [notice] 1#1: start worker process 21
2025/03/29 00:01:40 [notice] 1#1: start worker process 22
2025/03/29 00:01:40 [notice] 1#1: start worker process 23
2025/03/29 00:01:40 [notice] 1#1: start worker process 24
2025/03/29 00:01:40 [notice] 1#1: start worker process 25
2025/03/29 00:01:40 [notice] 1#1: start worker process 26
2025/03/29 00:01:40 [notice] 1#1: start worker process 27
2025/03/29 00:01:40 [notice] 1#1: start worker process 28
2025/03/29 00:01:40 [notice] 1#1: start worker process 29
2025/03/29 00:01:40 [notice] 1#1: start worker process 30
2025/03/29 00:01:40 [notice] 1#1: start worker process 31
2025/03/29 00:05:24 [notice] 1#1: signal 3 (SIGQUIT) received, shutting down
2025/03/29 00:05:24 [notice] 20#20: gracefully shutting down
2025/03/29 00:05:24 [notice] 22#22: gracefully shutting down
2025/03/29 00:05:24 [notice] 21#21: gracefully shutting down
2025/03/29 00:05:24 [notice] 20#20: exiting
2025/03/29 00:05:24 [notice] 22#22: exiting
2025/03/29 00:05:24 [notice] 28#28: gracefully shutting down
2025/03/29 00:05:24 [notice] 21#21: exiting
2025/03/29 00:05:24 [notice] 28#28: exiting
2025/03/29 00:05:24 [notice] 29#29: gracefully shutting down
2025/03/29 00:05:24 [notice] 30#30: gracefully shutting down
2025/03/29 00:05:24 [notice] 29#29: exiting
2025/03/29 00:05:24 [notice] 30#30: exiting
2025/03/29 00:05:24 [notice] 24#24: gracefully shutting down
2025/03/29 00:05:24 [notice] 24#24: exiting
2025/03/29 00:05:24 [notice] 22#22: exit
2025/03/29 00:05:24 [notice] 28#28: exit
2025/03/29 00:05:24 [notice] 29#29: exit
2025/03/29 00:05:24 [notice] 24#24: exit
2025/03/29 00:05:24 [notice] 31#31: gracefully shutting down
2025/03/29 00:05:24 [notice] 25#25: gracefully shutting down
2025/03/29 00:05:24 [notice] 25#25: exiting
2025/03/29 00:05:24 [notice] 31#31: exiting
2025/03/29 00:05:24 [notice] 25#25: exit
2025/03/29 00:05:24 [notice] 31#31: exit
2025/03/29 00:05:24 [notice] 30#30: exit
2025/03/29 00:05:24 [notice] 23#23: gracefully shutting down
2025/03/29 00:05:24 [notice] 23#23: exiting
2025/03/29 00:05:24 [notice] 23#23: exit
2025/03/29 00:05:24 [notice] 26#26: gracefully shutting down
2025/03/29 00:05:24 [notice] 21#21: exit
2025/03/29 00:05:24 [notice] 26#26: exiting
2025/03/29 00:05:24 [notice] 20#20: exit
2025/03/29 00:05:24 [notice] 27#27: gracefully shutting down
2025/03/29 00:05:24 [notice] 26#26: exit
2025/03/29 00:05:24 [notice] 27#27: exiting
2025/03/29 00:05:24 [notice] 27#27: exit
2025/03/29 00:05:24 [notice] 1#1: signal 17 (SIGCHLD) received from 20
2025/03/29 00:05:24 [notice] 1#1: worker process 20 exited with code 0
2025/03/29 00:05:24 [notice] 1#1: worker process 27 exited with code 0
2025/03/29 00:05:24 [notice] 1#1: worker process 28 exited with code 0
2025/03/29 00:05:24 [notice] 1#1: worker process 29 exited with code 0
2025/03/29 00:05:24 [notice] 1#1: worker process 31 exited with code 0
2025/03/29 00:05:24 [notice] 1#1: signal 29 (SIGIO) received
2025/03/29 00:05:24 [notice] 1#1: signal 17 (SIGCHLD) received from 31
2025/03/29 00:05:24 [notice] 1#1: signal 17 (SIGCHLD) received from 22
2025/03/29 00:05:24 [notice] 1#1: worker process 21 exited with code 0
2025/03/29 00:05:24 [notice] 1#1: worker process 22 exited with code 0
2025/03/29 00:05:24 [notice] 1#1: worker process 25 exited with code 0
2025/03/29 00:05:24 [notice] 1#1: worker process 30 exited with code 0
2025/03/29 00:05:24 [notice] 1#1: signal 29 (SIGIO) received
2025/03/29 00:05:24 [notice] 1#1: signal 17 (SIGCHLD) received from 24
2025/03/29 00:05:24 [notice] 1#1: worker process 24 exited with code 0
2025/03/29 00:05:24 [notice] 1#1: signal 29 (SIGIO) received
2025/03/29 00:05:24 [notice] 1#1: signal 17 (SIGCHLD) received from 23
2025/03/29 00:05:24 [notice] 1#1: worker process 23 exited with code 0
2025/03/29 00:05:24 [notice] 1#1: signal 29 (SIGIO) received
2025/03/29 00:05:24 [notice] 1#1: signal 17 (SIGCHLD) received from 26
2025/03/29 00:05:24 [notice] 1#1: worker process 26 exited with code 0
2025/03/29 00:05:24 [notice] 1#1: exit
2025/03/29 00:06:36 [notice] 1#1: using the "epoll" event method
2025/03/29 00:06:36 [notice] 1#1: nginx/1.27.4
2025/03/29 00:06:36 [notice] 1#1: built by gcc 14.2.0 (Alpine 14.2.0) 
2025/03/29 00:06:36 [notice] 1#1: OS: Linux 5.15.167.4-microsoft-standard-WSL2
2025/03/29 00:06:36 [notice] 1#1: getrlimit(RLIMIT_NOFILE): 1048576:1048576
2025/03/29 00:06:36 [notice] 1#1: start worker processes
2025/03/29 00:06:36 [notice] 1#1: start worker process 20
2025/03/29 00:06:36 [notice] 1#1: start worker process 21
2025/03/29 00:06:36 [notice] 1#1: start worker process 22
2025/03/29 00:06:36 [notice] 1#1: start worker process 23
2025/03/29 00:06:36 [notice] 1#1: start worker process 24
2025/03/29 00:06:36 [notice] 1#1: start worker process 25
2025/03/29 00:06:36 [notice] 1#1: start worker process 26
2025/03/29 00:06:36 [notice] 1#1: start worker process 27
2025/03/29 00:06:36 [notice] 1#1: start worker process 28
2025/03/29 00:06:36 [notice] 1#1: start worker process 29
2025/03/29 00:06:36 [notice] 1#1: start worker process 30
2025/03/29 00:06:36 [notice] 1#1: start worker process 31
2025/03/29 00:09:32 [notice] 1#1: signal 3 (SIGQUIT) received, shutting down
2025/03/29 00:09:32 [notice] 20#20: gracefully shutting down
2025/03/29 00:09:32 [notice] 21#21: gracefully shutting down
2025/03/29 00:09:32 [notice] 22#22: gracefully shutting down
2025/03/29 00:09:32 [notice] 26#26: gracefully shutting down
2025/03/29 00:09:32 [notice] 20#20: exiting
2025/03/29 00:09:32 [notice] 23#23: gracefully shutting down
2025/03/29 00:09:32 [notice] 24#24: gracefully shutting down
2025/03/29 00:09:32 [notice] 26#26: exiting
2025/03/29 00:09:32 [notice] 20#20: exit
2025/03/29 00:09:32 [notice] 26#26: exit
2025/03/29 00:09:32 [notice] 22#22: exiting
2025/03/29 00:09:32 [notice] 23#23: exiting
2025/03/29 00:09:32 [notice] 23#23: exit
2025/03/29 00:09:32 [notice] 22#22: exit
2025/03/29 00:09:32 [notice] 24#24: exiting
2025/03/29 00:09:32 [notice] 24#24: exit
2025/03/29 00:09:32 [notice] 25#25: gracefully shutting down
2025/03/29 00:09:32 [notice] 25#25: exiting
2025/03/29 00:09:32 [notice] 31#31: gracefully shutting down
2025/03/29 00:09:32 [notice] 25#25: exit
2025/03/29 00:09:32 [notice] 28#28: gracefully shutting down
2025/03/29 00:09:32 [notice] 31#31: exiting
2025/03/29 00:09:32 [notice] 27#27: gracefully shutting down
2025/03/29 00:09:32 [notice] 30#30: gracefully shutting down
2025/03/29 00:09:32 [notice] 31#31: exit
2025/03/29 00:09:32 [notice] 30#30: exiting
2025/03/29 00:09:32 [notice] 30#30: exit
2025/03/29 00:09:32 [notice] 29#29: gracefully shutting down
2025/03/29 00:09:32 [notice] 28#28: exiting
2025/03/29 00:09:32 [notice] 28#28: exit
2025/03/29 00:09:32 [notice] 29#29: exiting
2025/03/29 00:09:32 [notice] 27#27: exiting
2025/03/29 00:09:32 [notice] 21#21: exiting
2025/03/29 00:09:32 [notice] 29#29: exit
2025/03/29 00:09:32 [notice] 27#27: exit
2025/03/29 00:09:32 [notice] 21#21: exit
2025/03/29 00:09:33 [notice] 1#1: signal 17 (SIGCHLD) received from 24
2025/03/29 00:09:33 [notice] 1#1: worker process 20 exited with code 0
2025/03/29 00:09:33 [notice] 1#1: worker process 22 exited with code 0
2025/03/29 00:09:33 [notice] 1#1: worker process 23 exited with code 0
2025/03/29 00:09:33 [notice] 1#1: worker process 24 exited with code 0
2025/03/29 00:09:33 [notice] 1#1: worker process 26 exited with code 0
2025/03/29 00:09:33 [notice] 1#1: worker process 27 exited with code 0
2025/03/29 00:09:33 [notice] 1#1: worker process 28 exited with code 0
2025/03/29 00:09:33 [notice] 1#1: worker process 29 exited with code 0
2025/03/29 00:09:33 [notice] 1#1: worker process 25 exited with code 0
2025/03/29 00:09:33 [notice] 1#1: signal 29 (SIGIO) received
2025/03/29 00:09:33 [notice] 1#1: signal 17 (SIGCHLD) received from 25
2025/03/29 00:09:33 [notice] 1#1: worker process 30 exited with code 0
2025/03/29 00:09:33 [notice] 1#1: worker process 31 exited with code 0
2025/03/29 00:09:33 [notice] 1#1: signal 29 (SIGIO) received
2025/03/29 00:09:33 [notice] 1#1: signal 17 (SIGCHLD) received from 21
2025/03/29 00:09:33 [notice] 1#1: worker process 21 exited with code 0
2025/03/29 00:09:33 [notice] 1#1: exit
2025/03/29 00:11:21 [notice] 1#1: using the "epoll" event method
2025/03/29 00:11:21 [notice] 1#1: nginx/1.27.4
2025/03/29 00:11:21 [notice] 1#1: built by gcc 14.2.0 (Alpine 14.2.0) 
2025/03/29 00:11:21 [notice] 1#1: OS: Linux 5.15.167.4-microsoft-standard-WSL2
2025/03/29 00:11:21 [notice] 1#1: getrlimit(RLIMIT_NOFILE): 1048576:1048576
2025/03/29 00:11:21 [notice] 1#1: start worker processes
2025/03/29 00:11:21 [notice] 1#1: start worker process 20
2025/03/29 00:11:21 [notice] 1#1: start worker process 21
2025/03/29 00:11:21 [notice] 1#1: start worker process 22
2025/03/29 00:11:21 [notice] 1#1: start worker process 23
2025/03/29 00:11:21 [notice] 1#1: start worker process 24
2025/03/29 00:11:21 [notice] 1#1: start worker process 25
2025/03/29 00:11:21 [notice] 1#1: start worker process 26
2025/03/29 00:11:21 [notice] 1#1: start worker process 27
2025/03/29 00:11:21 [notice] 1#1: start worker process 28
2025/03/29 00:11:21 [notice] 1#1: start worker process 29
2025/03/29 00:11:21 [notice] 1#1: start worker process 30
2025/03/29 00:11:21 [notice] 1#1: start worker process 31
2025/03/29 00:11:43 [notice] 1#1: signal 3 (SIGQUIT) received, shutting down
2025/03/29 00:11:43 [notice] 21#21: gracefully shutting down
2025/03/29 00:11:43 [notice] 23#23: gracefully shutting down
2025/03/29 00:11:43 [notice] 25#25: gracefully shutting down
2025/03/29 00:11:43 [notice] 25#25: exiting
2025/03/29 00:11:43 [notice] 30#30: gracefully shutting down
2025/03/29 00:11:43 [notice] 31#31: gracefully shutting down
2025/03/29 00:11:43 [notice] 30#30: exiting
2025/03/29 00:11:43 [notice] 26#26: gracefully shutting down
2025/03/29 00:11:43 [notice] 24#24: gracefully shutting down
2025/03/29 00:11:43 [notice] 21#21: exiting
2025/03/29 00:11:43 [notice] 26#26: exiting
2025/03/29 00:11:43 [notice] 30#30: exit
2025/03/29 00:11:43 [notice] 25#25: exit
2025/03/29 00:11:43 [notice] 29#29: gracefully shutting down
2025/03/29 00:11:43 [notice] 21#21: exit
2025/03/29 00:11:43 [notice] 28#28: gracefully shutting down
2025/03/29 00:11:43 [notice] 31#31: exiting
2025/03/29 00:11:43 [notice] 31#31: exit
2025/03/29 00:11:43 [notice] 22#22: gracefully shutting down
2025/03/29 00:11:43 [notice] 20#20: gracefully shutting down
2025/03/29 00:11:43 [notice] 26#26: exit
2025/03/29 00:11:43 [notice] 24#24: exiting
2025/03/29 00:11:43 [notice] 28#28: exiting
2025/03/29 00:11:43 [notice] 23#23: exiting
2025/03/29 00:11:43 [notice] 22#22: exiting
2025/03/29 00:11:43 [notice] 28#28: exit
2025/03/29 00:11:43 [notice] 24#24: exit
2025/03/29 00:11:43 [notice] 22#22: exit
2025/03/29 00:11:43 [notice] 23#23: exit
2025/03/29 00:11:43 [notice] 20#20: exiting
2025/03/29 00:11:43 [notice] 20#20: exit
2025/03/29 00:11:43 [notice] 29#29: exiting
2025/03/29 00:11:43 [notice] 27#27: gracefully shutting down
2025/03/29 00:11:43 [notice] 29#29: exit
2025/03/29 00:11:43 [notice] 27#27: exiting
2025/03/29 00:11:43 [notice] 27#27: exit
2025/03/29 00:11:43 [notice] 1#1: signal 17 (SIGCHLD) received from 20
2025/03/29 00:11:43 [notice] 1#1: worker process 20 exited with code 0
2025/03/29 00:11:43 [notice] 1#1: worker process 23 exited with code 0
2025/03/29 00:11:43 [notice] 1#1: worker process 26 exited with code 0
2025/03/29 00:11:43 [notice] 1#1: worker process 27 exited with code 0
2025/03/29 00:11:43 [notice] 1#1: worker process 28 exited with code 0
2025/03/29 00:11:43 [notice] 1#1: worker process 29 exited with code 0
2025/03/29 00:11:43 [notice] 1#1: worker process 30 exited with code 0
2025/03/29 00:11:43 [notice] 1#1: worker process 31 exited with code 0
2025/03/29 00:11:43 [notice] 1#1: signal 29 (SIGIO) received
2025/03/29 00:11:43 [notice] 1#1: signal 17 (SIGCHLD) received from 21
2025/03/29 00:11:43 [notice] 1#1: worker process 21 exited with code 0
2025/03/29 00:11:43 [notice] 1#1: signal 29 (SIGIO) received
2025/03/29 00:11:43 [notice] 1#1: signal 17 (SIGCHLD) received from 24
2025/03/29 00:11:43 [notice] 1#1: worker process 24 exited with code 0
2025/03/29 00:11:43 [notice] 1#1: worker process 25 exited with code 0
2025/03/29 00:11:43 [notice] 1#1: signal 29 (SIGIO) received
2025/03/29 00:11:43 [notice] 1#1: signal 17 (SIGCHLD) received from 22
2025/03/29 00:11:43 [notice] 1#1: worker process 22 exited with code 0
2025/03/29 00:11:43 [notice] 1#1: exit
2025/03/29 00:12:12 [notice] 1#1: using the "epoll" event method
2025/03/29 00:12:12 [notice] 1#1: nginx/1.27.4
2025/03/29 00:12:12 [notice] 1#1: built by gcc 14.2.0 (Alpine 14.2.0) 
2025/03/29 00:12:12 [notice] 1#1: OS: Linux 5.15.167.4-microsoft-standard-WSL2
2025/03/29 00:12:12 [notice] 1#1: getrlimit(RLIMIT_NOFILE): 1048576:1048576
2025/03/29 00:12:12 [notice] 1#1: start worker processes
2025/03/29 00:12:12 [notice] 1#1: start worker process 20
2025/03/29 00:12:12 [notice] 1#1: start worker process 21
2025/03/29 00:12:12 [notice] 1#1: start worker process 22
2025/03/29 00:12:12 [notice] 1#1: start worker process 23
2025/03/29 00:12:12 [notice] 1#1: start worker process 24
2025/03/29 00:12:12 [notice] 1#1: start worker process 25
2025/03/29 00:12:12 [notice] 1#1: start worker process 26
2025/03/29 00:12:12 [notice] 1#1: start worker process 27
2025/03/29 00:12:12 [notice] 1#1: start worker process 28
2025/03/29 00:12:12 [notice] 1#1: start worker process 29
2025/03/29 00:12:12 [notice] 1#1: start worker process 30
2025/03/29 00:12:12 [notice] 1#1: start worker process 31
2025/03/29 00:13:12 [notice] 1#1: signal 3 (SIGQUIT) received, shutting down
2025/03/29 00:13:12 [notice] 20#20: gracefully shutting down
2025/03/29 00:13:12 [notice] 21#21: gracefully shutting down
2025/03/29 00:13:12 [notice] 22#22: gracefully shutting down
2025/03/29 00:13:12 [notice] 23#23: gracefully shutting down
2025/03/29 00:13:12 [notice] 25#25: gracefully shutting down
2025/03/29 00:13:12 [notice] 26#26: gracefully shutting down
2025/03/29 00:13:12 [notice] 28#28: gracefully shutting down
2025/03/29 00:13:12 [notice] 25#25: exiting
2025/03/29 00:13:12 [notice] 30#30: gracefully shutting down
2025/03/29 00:13:12 [notice] 23#23: exiting
2025/03/29 00:13:12 [notice] 31#31: gracefully shutting down
2025/03/29 00:13:12 [notice] 27#27: gracefully shutting down
2025/03/29 00:13:12 [notice] 26#26: exiting
2025/03/29 00:13:12 [notice] 25#25: exit
2025/03/29 00:13:12 [notice] 23#23: exit
2025/03/29 00:13:12 [notice] 22#22: exiting
2025/03/29 00:13:12 [notice] 26#26: exit
2025/03/29 00:13:12 [notice] 22#22: exit
2025/03/29 00:13:12 [notice] 27#27: exiting
2025/03/29 00:13:12 [notice] 27#27: exit
2025/03/29 00:13:12 [notice] 28#28: exiting
2025/03/29 00:13:12 [notice] 28#28: exit
2025/03/29 00:13:12 [notice] 20#20: exiting
2025/03/29 00:13:12 [notice] 20#20: exit
2025/03/29 00:13:12 [notice] 30#30: exiting
2025/03/29 00:13:12 [notice] 29#29: gracefully shutting down
2025/03/29 00:13:12 [notice] 30#30: exit
2025/03/29 00:13:12 [notice] 21#21: exiting
2025/03/29 00:13:12 [notice] 29#29: exiting
2025/03/29 00:13:12 [notice] 24#24: gracefully shutting down
2025/03/29 00:13:12 [notice] 29#29: exit
2025/03/29 00:13:12 [notice] 21#21: exit
2025/03/29 00:13:12 [notice] 24#24: exiting
2025/03/29 00:13:12 [notice] 31#31: exiting
2025/03/29 00:13:12 [notice] 31#31: exit
2025/03/29 00:13:12 [notice] 24#24: exit
2025/03/29 00:13:12 [notice] 1#1: signal 17 (SIGCHLD) received from 24
2025/03/29 00:13:12 [notice] 1#1: worker process 24 exited with code 0
2025/03/29 00:13:12 [notice] 1#1: signal 29 (SIGIO) received
2025/03/29 00:13:12 [notice] 1#1: signal 17 (SIGCHLD) received from 27
2025/03/29 00:13:12 [notice] 1#1: worker process 20 exited with code 0
2025/03/29 00:13:12 [notice] 1#1: worker process 22 exited with code 0
2025/03/29 00:13:12 [notice] 1#1: worker process 25 exited with code 0
2025/03/29 00:13:12 [notice] 1#1: worker process 27 exited with code 0
2025/03/29 00:13:12 [notice] 1#1: worker process 30 exited with code 0
2025/03/29 00:13:12 [notice] 1#1: signal 29 (SIGIO) received
2025/03/29 00:13:12 [notice] 1#1: signal 17 (SIGCHLD) received from 23
2025/03/29 00:13:12 [notice] 1#1: worker process 23 exited with code 0
2025/03/29 00:13:12 [notice] 1#1: worker process 26 exited with code 0
2025/03/29 00:13:12 [notice] 1#1: signal 29 (SIGIO) received
2025/03/29 00:13:12 [notice] 1#1: signal 17 (SIGCHLD) received from 29
2025/03/29 00:13:12 [notice] 1#1: worker process 21 exited with code 0
2025/03/29 00:13:12 [notice] 1#1: worker process 28 exited with code 0
2025/03/29 00:13:12 [notice] 1#1: worker process 29 exited with code 0
2025/03/29 00:13:12 [notice] 1#1: worker process 31 exited with code 0
2025/03/29 00:13:12 [notice] 1#1: exit
2025/03/29 00:13:35 [notice] 1#1: using the "epoll" event method
2025/03/29 00:13:35 [notice] 1#1: nginx/1.27.4
2025/03/29 00:13:35 [notice] 1#1: built by gcc 14.2.0 (Alpine 14.2.0) 
2025/03/29 00:13:35 [notice] 1#1: OS: Linux 5.15.167.4-microsoft-standard-WSL2
2025/03/29 00:13:35 [notice] 1#1: getrlimit(RLIMIT_NOFILE): 1048576:1048576
2025/03/29 00:13:35 [notice] 1#1: start worker processes
2025/03/29 00:13:35 [notice] 1#1: start worker process 20
2025/03/29 00:13:35 [notice] 1#1: start worker process 21
2025/03/29 00:13:35 [notice] 1#1: start worker process 22
2025/03/29 00:13:35 [notice] 1#1: start worker process 23
2025/03/29 00:13:35 [notice] 1#1: start worker process 24
2025/03/29 00:13:35 [notice] 1#1: start worker process 25
2025/03/29 00:13:35 [notice] 1#1: start worker process 26
2025/03/29 00:13:35 [notice] 1#1: start worker process 27
2025/03/29 00:13:35 [notice] 1#1: start worker process 28
2025/03/29 00:13:35 [notice] 1#1: start worker process 29
2025/03/29 00:13:35 [notice] 1#1: start worker process 30
2025/03/29 00:13:35 [notice] 1#1: start worker process 31
2025/03/29 00:14:55 [notice] 1#1: signal 3 (SIGQUIT) received, shutting down
2025/03/29 00:14:55 [notice] 20#20: gracefully shutting down
2025/03/29 00:14:55 [notice] 21#21: gracefully shutting down
2025/03/29 00:14:55 [notice] 20#20: exiting
2025/03/29 00:14:55 [notice] 21#21: exiting
2025/03/29 00:14:55 [notice] 22#22: gracefully shutting down
2025/03/29 00:14:55 [notice] 23#23: gracefully shutting down
2025/03/29 00:14:55 [notice] 26#26: gracefully shutting down
2025/03/29 00:14:55 [notice] 26#26: exiting
2025/03/29 00:14:55 [notice] 21#21: exit
2025/03/29 00:14:55 [notice] 20#20: exit
2025/03/29 00:14:55 [notice] 24#24: gracefully shutting down
2025/03/29 00:14:55 [notice] 22#22: exiting
2025/03/29 00:14:55 [notice] 24#24: exiting
2025/03/29 00:14:55 [notice] 23#23: exiting
2025/03/29 00:14:55 [notice] 26#26: exit
2025/03/29 00:14:55 [notice] 24#24: exit
2025/03/29 00:14:55 [notice] 22#22: exit
2025/03/29 00:14:55 [notice] 23#23: exit
2025/03/29 00:14:55 [notice] 25#25: gracefully shutting down
2025/03/29 00:14:55 [notice] 30#30: gracefully shutting down
2025/03/29 00:14:55 [notice] 25#25: exiting
2025/03/29 00:14:55 [notice] 31#31: gracefully shutting down
2025/03/29 00:14:55 [notice] 30#30: exiting
2025/03/29 00:14:55 [notice] 31#31: exiting
2025/03/29 00:14:55 [notice] 27#27: gracefully shutting down
2025/03/29 00:14:55 [notice] 25#25: exit
2025/03/29 00:14:55 [notice] 30#30: exit
2025/03/29 00:14:55 [notice] 31#31: exit
2025/03/29 00:14:55 [notice] 27#27: exiting
2025/03/29 00:14:55 [notice] 27#27: exit
2025/03/29 00:14:55 [notice] 29#29: gracefully shutting down
2025/03/29 00:14:55 [notice] 29#29: exiting
2025/03/29 00:14:55 [notice] 28#28: gracefully shutting down
2025/03/29 00:14:55 [notice] 29#29: exit
2025/03/29 00:14:55 [notice] 28#28: exiting
2025/03/29 00:14:55 [notice] 28#28: exit
2025/03/29 00:14:55 [notice] 1#1: signal 17 (SIGCHLD) received from 29
2025/03/29 00:14:55 [notice] 1#1: worker process 20 exited with code 0
2025/03/29 00:14:55 [notice] 1#1: worker process 22 exited with code 0
2025/03/29 00:14:55 [notice] 1#1: worker process 26 exited with code 0
2025/03/29 00:14:55 [notice] 1#1: worker process 29 exited with code 0
2025/03/29 00:14:55 [notice] 1#1: worker process 30 exited with code 0
2025/03/29 00:14:55 [notice] 1#1: signal 29 (SIGIO) received
2025/03/29 00:14:55 [notice] 1#1: signal 17 (SIGCHLD) received from 22
2025/03/29 00:14:55 [notice] 1#1: signal 17 (SIGCHLD) received from 25
2025/03/29 00:14:55 [notice] 1#1: worker process 23 exited with code 0
2025/03/29 00:14:55 [notice] 1#1: worker process 24 exited with code 0
2025/03/29 00:14:55 [notice] 1#1: worker process 25 exited with code 0
2025/03/29 00:14:55 [notice] 1#1: worker process 27 exited with code 0
2025/03/29 00:14:55 [notice] 1#1: worker process 28 exited with code 0
2025/03/29 00:14:55 [notice] 1#1: signal 29 (SIGIO) received
2025/03/29 00:14:55 [notice] 1#1: signal 17 (SIGCHLD) received from 21
2025/03/29 00:14:55 [notice] 1#1: worker process 21 exited with code 0
2025/03/29 00:14:55 [notice] 1#1: worker process 31 exited with code 0
2025/03/29 00:14:55 [notice] 1#1: exit
2025/03/29 00:15:18 [notice] 1#1: using the "epoll" event method
2025/03/29 00:15:18 [notice] 1#1: nginx/1.27.4
2025/03/29 00:15:18 [notice] 1#1: built by gcc 14.2.0 (Alpine 14.2.0) 
2025/03/29 00:15:18 [notice] 1#1: OS: Linux 5.15.167.4-microsoft-standard-WSL2
2025/03/29 00:15:18 [notice] 1#1: getrlimit(RLIMIT_NOFILE): 1048576:1048576
2025/03/29 00:15:18 [notice] 1#1: start worker processes
2025/03/29 00:15:18 [notice] 1#1: start worker process 20
2025/03/29 00:15:18 [notice] 1#1: start worker process 21
2025/03/29 00:15:18 [notice] 1#1: start worker process 22
2025/03/29 00:15:18 [notice] 1#1: start worker process 23
2025/03/29 00:15:18 [notice] 1#1: start worker process 24
2025/03/29 00:15:18 [notice] 1#1: start worker process 25
2025/03/29 00:15:18 [notice] 1#1: start worker process 26
2025/03/29 00:15:18 [notice] 1#1: start worker process 27
2025/03/29 00:15:18 [notice] 1#1: start worker process 28
2025/03/29 00:15:18 [notice] 1#1: start worker process 29
2025/03/29 00:15:18 [notice] 1#1: start worker process 30
2025/03/29 00:15:18 [notice] 1#1: start worker process 31
2025/03/29 00:15:27 [notice] 1#1: signal 3 (SIGQUIT) received, shutting down
2025/03/29 00:15:27 [notice] 20#20: gracefully shutting down
2025/03/29 00:15:27 [notice] 21#21: gracefully shutting down
2025/03/29 00:15:27 [notice] 20#20: exiting
2025/03/29 00:15:27 [notice] 22#22: gracefully shutting down
2025/03/29 00:15:27 [notice] 21#21: exiting
2025/03/29 00:15:27 [notice] 27#27: gracefully shutting down
2025/03/29 00:15:27 [notice] 22#22: exiting
2025/03/29 00:15:27 [notice] 28#28: gracefully shutting down
2025/03/29 00:15:27 [notice] 27#27: exiting
2025/03/29 00:15:27 [notice] 30#30: gracefully shutting down
2025/03/29 00:15:27 [notice] 29#29: gracefully shutting down
2025/03/29 00:15:27 [notice] 20#20: exit
2025/03/29 00:15:27 [notice] 21#21: exit
2025/03/29 00:15:27 [notice] 27#27: exit
2025/03/29 00:15:27 [notice] 29#29: exiting
2025/03/29 00:15:27 [notice] 22#22: exit
2025/03/29 00:15:27 [notice] 31#31: gracefully shutting down
2025/03/29 00:15:27 [notice] 24#24: gracefully shutting down
2025/03/29 00:15:27 [notice] 29#29: exit
2025/03/29 00:15:27 [notice] 26#26: gracefully shutting down
2025/03/29 00:15:27 [notice] 31#31: exiting
2025/03/29 00:15:27 [notice] 28#28: exiting
2025/03/29 00:15:27 [notice] 24#24: exiting
2025/03/29 00:15:27 [notice] 23#23: gracefully shutting down
2025/03/29 00:15:27 [notice] 26#26: exiting
2025/03/29 00:15:27 [notice] 23#23: exiting
2025/03/29 00:15:27 [notice] 31#31: exit
2025/03/29 00:15:27 [notice] 28#28: exit
2025/03/29 00:15:27 [notice] 24#24: exit
2025/03/29 00:15:27 [notice] 23#23: exit
2025/03/29 00:15:27 [notice] 25#25: gracefully shutting down
2025/03/29 00:15:27 [notice] 25#25: exiting
2025/03/29 00:15:27 [notice] 25#25: exit
2025/03/29 00:15:27 [notice] 26#26: exit
2025/03/29 00:15:27 [notice] 30#30: exiting
2025/03/29 00:15:27 [notice] 30#30: exit
2025/03/29 00:15:27 [notice] 1#1: signal 17 (SIGCHLD) received from 25
2025/03/29 00:15:27 [notice] 1#1: worker process 20 exited with code 0
2025/03/29 00:15:27 [notice] 1#1: worker process 25 exited with code 0
2025/03/29 00:15:27 [notice] 1#1: signal 29 (SIGIO) received
2025/03/29 00:15:27 [notice] 1#1: signal 17 (SIGCHLD) received from 31
2025/03/29 00:15:27 [notice] 1#1: worker process 21 exited with code 0
2025/03/29 00:15:27 [notice] 1#1: worker process 27 exited with code 0
2025/03/29 00:15:27 [notice] 1#1: worker process 28 exited with code 0
2025/03/29 00:15:27 [notice] 1#1: worker process 29 exited with code 0
2025/03/29 00:15:27 [notice] 1#1: worker process 31 exited with code 0
2025/03/29 00:15:27 [notice] 1#1: signal 29 (SIGIO) received
2025/03/29 00:15:27 [notice] 1#1: signal 17 (SIGCHLD) received from 23
2025/03/29 00:15:27 [notice] 1#1: worker process 23 exited with code 0
2025/03/29 00:15:27 [notice] 1#1: worker process 24 exited with code 0
2025/03/29 00:15:27 [notice] 1#1: signal 29 (SIGIO) received
2025/03/29 00:15:27 [notice] 1#1: signal 17 (SIGCHLD) received from 22
2025/03/29 00:15:27 [notice] 1#1: worker process 22 exited with code 0
2025/03/29 00:15:27 [notice] 1#1: worker process 30 exited with code 0
2025/03/29 00:15:27 [notice] 1#1: signal 29 (SIGIO) received
2025/03/29 00:15:27 [notice] 1#1: signal 17 (SIGCHLD) received from 26
2025/03/29 00:15:27 [notice] 1#1: worker process 26 exited with code 0
2025/03/29 00:15:27 [notice] 1#1: exit
2025/03/29 00:16:12 [notice] 1#1: using the "epoll" event method
2025/03/29 00:16:12 [notice] 1#1: nginx/1.27.4
2025/03/29 00:16:12 [notice] 1#1: built by gcc 14.2.0 (Alpine 14.2.0) 
2025/03/29 00:16:12 [notice] 1#1: OS: Linux 5.15.167.4-microsoft-standard-WSL2
2025/03/29 00:16:12 [notice] 1#1: getrlimit(RLIMIT_NOFILE): 1048576:1048576
2025/03/29 00:16:12 [notice] 1#1: start worker processes
2025/03/29 00:16:12 [notice] 1#1: start worker process 20
2025/03/29 00:16:12 [notice] 1#1: start worker process 21
2025/03/29 00:16:12 [notice] 1#1: start worker process 22
2025/03/29 00:16:12 [notice] 1#1: start worker process 23
2025/03/29 00:16:12 [notice] 1#1: start worker process 24
2025/03/29 00:16:12 [notice] 1#1: start worker process 25
2025/03/29 00:16:12 [notice] 1#1: start worker process 26
2025/03/29 00:16:12 [notice] 1#1: start worker process 27
2025/03/29 00:16:12 [notice] 1#1: start worker process 28
2025/03/29 00:16:12 [notice] 1#1: start worker process 29
2025/03/29 00:16:12 [notice] 1#1: start worker process 30
2025/03/29 00:16:12 [notice] 1#1: start worker process 31
2025/03/29 00:21:24 [notice] 1#1: signal 3 (SIGQUIT) received, shutting down
2025/03/29 00:21:24 [notice] 20#20: gracefully shutting down
2025/03/29 00:21:24 [notice] 24#24: gracefully shutting down
2025/03/29 00:21:24 [notice] 22#22: gracefully shutting down
2025/03/29 00:21:24 [notice] 26#26: gracefully shutting down
2025/03/29 00:21:24 [notice] 24#24: exiting
2025/03/29 00:21:24 [notice] 23#23: gracefully shutting down
2025/03/29 00:21:24 [notice] 25#25: gracefully shutting down
2025/03/29 00:21:24 [notice] 23#23: exiting
2025/03/29 00:21:24 [notice] 28#28: gracefully shutting down
2025/03/29 00:21:24 [notice] 29#29: gracefully shutting down
2025/03/29 00:21:24 [notice] 27#27: gracefully shutting down
2025/03/29 00:21:24 [notice] 25#25: exiting
2025/03/29 00:21:24 [notice] 29#29: exiting
2025/03/29 00:21:24 [notice] 28#28: exiting
2025/03/29 00:21:24 [notice] 27#27: exiting
2025/03/29 00:21:24 [notice] 25#25: exit
2025/03/29 00:21:24 [notice] 31#31: gracefully shutting down
2025/03/29 00:21:24 [notice] 29#29: exit
2025/03/29 00:21:24 [notice] 28#28: exit
2025/03/29 00:21:24 [notice] 27#27: exit
2025/03/29 00:21:24 [notice] 20#20: exiting
2025/03/29 00:21:24 [notice] 31#31: exiting
2025/03/29 00:21:24 [notice] 20#20: exit
2025/03/29 00:21:24 [notice] 31#31: exit
2025/03/29 00:21:24 [notice] 21#21: gracefully shutting down
2025/03/29 00:21:24 [notice] 30#30: gracefully shutting down
2025/03/29 00:21:24 [notice] 21#21: exiting
2025/03/29 00:21:24 [notice] 23#23: exit
2025/03/29 00:21:24 [notice] 22#22: exiting
2025/03/29 00:21:24 [notice] 21#21: exit
2025/03/29 00:21:24 [notice] 22#22: exit
2025/03/29 00:21:24 [notice] 30#30: exiting
2025/03/29 00:21:24 [notice] 24#24: exit
2025/03/29 00:21:24 [notice] 30#30: exit
2025/03/29 00:21:24 [notice] 26#26: exiting
2025/03/29 00:21:24 [notice] 26#26: exit
2025/03/29 00:21:24 [notice] 1#1: signal 17 (SIGCHLD) received from 20
2025/03/29 00:21:24 [notice] 1#1: worker process 20 exited with code 0
2025/03/29 00:21:24 [notice] 1#1: worker process 21 exited with code 0
2025/03/29 00:21:24 [notice] 1#1: worker process 23 exited with code 0
2025/03/29 00:21:24 [notice] 1#1: worker process 26 exited with code 0
2025/03/29 00:21:24 [notice] 1#1: worker process 27 exited with code 0
2025/03/29 00:21:24 [notice] 1#1: worker process 29 exited with code 0
2025/03/29 00:21:24 [notice] 1#1: worker process 31 exited with code 0
2025/03/29 00:21:24 [notice] 1#1: signal 29 (SIGIO) received
2025/03/29 00:21:24 [notice] 1#1: signal 17 (SIGCHLD) received from 27
2025/03/29 00:21:24 [notice] 1#1: signal 17 (SIGCHLD) received from 30
2025/03/29 00:21:24 [notice] 1#1: worker process 30 exited with code 0
2025/03/29 00:21:24 [notice] 1#1: signal 29 (SIGIO) received
2025/03/29 00:21:24 [notice] 1#1: signal 17 (SIGCHLD) received from 28
2025/03/29 00:21:24 [notice] 1#1: worker process 28 exited with code 0
2025/03/29 00:21:24 [notice] 1#1: signal 29 (SIGIO) received
2025/03/29 00:21:24 [notice] 1#1: signal 17 (SIGCHLD) received from 22
2025/03/29 00:21:24 [notice] 1#1: worker process 22 exited with code 0
2025/03/29 00:21:24 [notice] 1#1: signal 29 (SIGIO) received
2025/03/29 00:21:24 [notice] 1#1: signal 17 (SIGCHLD) received from 24
2025/03/29 00:21:24 [notice] 1#1: worker process 24 exited with code 0
2025/03/29 00:21:24 [notice] 1#1: signal 29 (SIGIO) received
2025/03/29 00:21:24 [notice] 1#1: signal 17 (SIGCHLD) received from 25
2025/03/29 00:21:24 [notice] 1#1: worker process 25 exited with code 0
2025/03/29 00:21:24 [notice] 1#1: exit
2025/03/29 00:24:57 [notice] 1#1: using the "epoll" event method
2025/03/29 00:24:57 [notice] 1#1: nginx/1.27.4
2025/03/29 00:24:57 [notice] 1#1: built by gcc 14.2.0 (Alpine 14.2.0) 
2025/03/29 00:24:57 [notice] 1#1: OS: Linux 5.15.167.4-microsoft-standard-WSL2
2025/03/29 00:24:57 [notice] 1#1: getrlimit(RLIMIT_NOFILE): 1048576:1048576
2025/03/29 00:24:57 [notice] 1#1: start worker processes
2025/03/29 00:24:57 [notice] 1#1: start worker process 20
2025/03/29 00:24:57 [notice] 1#1: start worker process 21
2025/03/29 00:24:57 [notice] 1#1: start worker process 22
2025/03/29 00:24:57 [notice] 1#1: start worker process 23
2025/03/29 00:24:57 [notice] 1#1: start worker process 24
2025/03/29 00:24:57 [notice] 1#1: start worker process 25
2025/03/29 00:24:57 [notice] 1#1: start worker process 26
2025/03/29 00:24:57 [notice] 1#1: start worker process 27
2025/03/29 00:24:57 [notice] 1#1: start worker process 28
2025/03/29 00:24:57 [notice] 1#1: start worker process 29
2025/03/29 00:24:57 [notice] 1#1: start worker process 30
2025/03/29 00:24:57 [notice] 1#1: start worker process 31
2025/03/29 00:29:57 [notice] 1#1: signal 3 (SIGQUIT) received, shutting down
2025/03/29 00:29:57 [notice] 20#20: gracefully shutting down
2025/03/29 00:29:57 [notice] 23#23: gracefully shutting down
2025/03/29 00:29:57 [notice] 26#26: gracefully shutting down
2025/03/29 00:29:57 [notice] 26#26: exiting
2025/03/29 00:29:57 [notice] 24#24: gracefully shutting down
2025/03/29 00:29:57 [notice] 23#23: exiting
2025/03/29 00:29:57 [notice] 28#28: gracefully shutting down
2025/03/29 00:29:57 [notice] 29#29: gracefully shutting down
2025/03/29 00:29:57 [notice] 29#29: exiting
2025/03/29 00:29:57 [notice] 27#27: gracefully shutting down
2025/03/29 00:29:57 [notice] 28#28: exiting
2025/03/29 00:29:57 [notice] 24#24: exiting
2025/03/29 00:29:57 [notice] 25#25: gracefully shutting down
2025/03/29 00:29:57 [notice] 31#31: gracefully shutting down
2025/03/29 00:29:57 [notice] 30#30: gracefully shutting down
2025/03/29 00:29:57 [notice] 27#27: exiting
2025/03/29 00:29:57 [notice] 24#24: exit
2025/03/29 00:29:57 [notice] 28#28: exit
2025/03/29 00:29:57 [notice] 29#29: exit
2025/03/29 00:29:57 [notice] 20#20: exiting
2025/03/29 00:29:57 [notice] 23#23: exit
2025/03/29 00:29:57 [notice] 21#21: gracefully shutting down
2025/03/29 00:29:57 [notice] 21#21: exiting
2025/03/29 00:29:57 [notice] 27#27: exit
2025/03/29 00:29:57 [notice] 31#31: exiting
2025/03/29 00:29:57 [notice] 20#20: exit
2025/03/29 00:29:57 [notice] 21#21: exit
2025/03/29 00:29:57 [notice] 22#22: gracefully shutting down
2025/03/29 00:29:57 [notice] 31#31: exit
2025/03/29 00:29:57 [notice] 30#30: exiting
2025/03/29 00:29:57 [notice] 30#30: exit
2025/03/29 00:29:57 [notice] 25#25: exiting
2025/03/29 00:29:57 [notice] 25#25: exit
2025/03/29 00:29:57 [notice] 26#26: exit
2025/03/29 00:29:57 [notice] 22#22: exiting
2025/03/29 00:29:57 [notice] 22#22: exit
2025/03/29 00:29:58 [notice] 1#1: signal 17 (SIGCHLD) received from 30
2025/03/29 00:29:58 [notice] 1#1: worker process 23 exited with code 0
2025/03/29 00:29:58 [notice] 1#1: worker process 25 exited with code 0
2025/03/29 00:29:58 [notice] 1#1: worker process 27 exited with code 0
2025/03/29 00:29:58 [notice] 1#1: worker process 29 exited with code 0
2025/03/29 00:29:58 [notice] 1#1: worker process 30 exited with code 0
2025/03/29 00:29:58 [notice] 1#1: worker process 31 exited with code 0
2025/03/29 00:29:58 [notice] 1#1: signal 29 (SIGIO) received
2025/03/29 00:29:58 [notice] 1#1: signal 17 (SIGCHLD) received from 29
2025/03/29 00:29:58 [notice] 1#1: signal 17 (SIGCHLD) received from 21
2025/03/29 00:29:58 [notice] 1#1: worker process 21 exited with code 0
2025/03/29 00:29:58 [notice] 1#1: worker process 26 exited with code 0
2025/03/29 00:29:58 [notice] 1#1: signal 29 (SIGIO) received
2025/03/29 00:29:58 [notice] 1#1: signal 17 (SIGCHLD) received from 26
2025/03/29 00:29:58 [notice] 1#1: signal 17 (SIGCHLD) received from 24
2025/03/29 00:29:58 [notice] 1#1: worker process 24 exited with code 0
2025/03/29 00:29:58 [notice] 1#1: signal 29 (SIGIO) received
2025/03/29 00:29:58 [notice] 1#1: signal 17 (SIGCHLD) received from 22
2025/03/29 00:29:58 [notice] 1#1: worker process 22 exited with code 0
2025/03/29 00:29:58 [notice] 1#1: signal 29 (SIGIO) received
2025/03/29 00:29:58 [notice] 1#1: signal 17 (SIGCHLD) received from 28
2025/03/29 00:29:58 [notice] 1#1: worker process 20 exited with code 0
2025/03/29 00:29:58 [notice] 1#1: worker process 28 exited with code 0
2025/03/29 00:29:58 [notice] 1#1: exit
2025/03/29 00:30:18 [notice] 1#1: using the "epoll" event method
2025/03/29 00:30:18 [notice] 1#1: nginx/1.27.4
2025/03/29 00:30:18 [notice] 1#1: built by gcc 14.2.0 (Alpine 14.2.0) 
2025/03/29 00:30:18 [notice] 1#1: OS: Linux 5.15.167.4-microsoft-standard-WSL2
2025/03/29 00:30:18 [notice] 1#1: getrlimit(RLIMIT_NOFILE): 1048576:1048576
2025/03/29 00:30:18 [notice] 1#1: start worker processes
2025/03/29 00:30:18 [notice] 1#1: start worker process 20
2025/03/29 00:30:18 [notice] 1#1: start worker process 21
2025/03/29 00:30:18 [notice] 1#1: start worker process 22
2025/03/29 00:30:18 [notice] 1#1: start worker process 23
2025/03/29 00:30:18 [notice] 1#1: start worker process 24
2025/03/29 00:30:18 [notice] 1#1: start worker process 25
2025/03/29 00:30:18 [notice] 1#1: start worker process 26
2025/03/29 00:30:18 [notice] 1#1: start worker process 27
2025/03/29 00:30:18 [notice] 1#1: start worker process 28
2025/03/29 00:30:18 [notice] 1#1: start worker process 29
2025/03/29 00:30:18 [notice] 1#1: start worker process 30
2025/03/29 00:30:18 [notice] 1#1: start worker process 31
2025/03/29 00:30:54 [notice] 1#1: signal 3 (SIGQUIT) received, shutting down
2025/03/29 00:30:54 [notice] 20#20: gracefully shutting down
2025/03/29 00:30:54 [notice] 21#21: gracefully shutting down
2025/03/29 00:30:54 [notice] 22#22: gracefully shutting down
2025/03/29 00:30:54 [notice] 23#23: gracefully shutting down
2025/03/29 00:30:54 [notice] 25#25: gracefully shutting down
2025/03/29 00:30:54 [notice] 27#27: gracefully shutting down
2025/03/29 00:30:54 [notice] 21#21: exiting
2025/03/29 00:30:54 [notice] 26#26: gracefully shutting down
2025/03/29 00:30:54 [notice] 24#24: gracefully shutting down
2025/03/29 00:30:54 [notice] 28#28: gracefully shutting down
2025/03/29 00:30:54 [notice] 26#26: exiting
2025/03/29 00:30:54 [notice] 30#30: gracefully shutting down
2025/03/29 00:30:54 [notice] 24#24: exiting
2025/03/29 00:30:54 [notice] 29#29: gracefully shutting down
2025/03/29 00:30:54 [notice] 30#30: exiting
2025/03/29 00:30:54 [notice] 20#20: exiting
2025/03/29 00:30:54 [notice] 28#28: exiting
2025/03/29 00:30:54 [notice] 22#22: exiting
2025/03/29 00:30:54 [notice] 23#23: exiting
2025/03/29 00:30:54 [notice] 20#20: exit
2025/03/29 00:30:54 [notice] 28#28: exit
2025/03/29 00:30:54 [notice] 22#22: exit
2025/03/29 00:30:54 [notice] 24#24: exit
2025/03/29 00:30:54 [notice] 30#30: exit
2025/03/29 00:30:54 [notice] 26#26: exit
2025/03/29 00:30:54 [notice] 29#29: exiting
2025/03/29 00:30:54 [notice] 23#23: exit
2025/03/29 00:30:54 [notice] 29#29: exit
2025/03/29 00:30:54 [notice] 31#31: gracefully shutting down
2025/03/29 00:30:54 [notice] 25#25: exiting
2025/03/29 00:30:54 [notice] 27#27: exiting
2025/03/29 00:30:54 [notice] 31#31: exiting
2025/03/29 00:30:54 [notice] 25#25: exit
2025/03/29 00:30:54 [notice] 27#27: exit
2025/03/29 00:30:54 [notice] 31#31: exit
2025/03/29 00:30:54 [notice] 21#21: exit
2025/03/29 00:30:54 [notice] 1#1: signal 17 (SIGCHLD) received from 27
2025/03/29 00:30:54 [notice] 1#1: worker process 20 exited with code 0
2025/03/29 00:30:54 [notice] 1#1: worker process 22 exited with code 0
2025/03/29 00:30:54 [notice] 1#1: worker process 25 exited with code 0
2025/03/29 00:30:54 [notice] 1#1: worker process 26 exited with code 0
2025/03/29 00:30:54 [notice] 1#1: worker process 27 exited with code 0
2025/03/29 00:30:54 [notice] 1#1: worker process 28 exited with code 0
2025/03/29 00:30:54 [notice] 1#1: worker process 30 exited with code 0
2025/03/29 00:30:54 [notice] 1#1: signal 29 (SIGIO) received
2025/03/29 00:30:54 [notice] 1#1: signal 17 (SIGCHLD) received from 26
2025/03/29 00:30:54 [notice] 1#1: signal 17 (SIGCHLD) received from 29
2025/03/29 00:30:54 [notice] 1#1: worker process 29 exited with code 0
2025/03/29 00:30:54 [notice] 1#1: signal 29 (SIGIO) received
2025/03/29 00:30:54 [notice] 1#1: signal 17 (SIGCHLD) received from 21
2025/03/29 00:30:54 [notice] 1#1: worker process 21 exited with code 0
2025/03/29 00:30:54 [notice] 1#1: worker process 24 exited with code 0
2025/03/29 00:30:54 [notice] 1#1: signal 29 (SIGIO) received
2025/03/29 00:30:54 [notice] 1#1: signal 17 (SIGCHLD) received from 23
2025/03/29 00:30:54 [notice] 1#1: worker process 23 exited with code 0
2025/03/29 00:30:54 [notice] 1#1: signal 29 (SIGIO) received
2025/03/29 00:30:54 [notice] 1#1: signal 17 (SIGCHLD) received from 31
2025/03/29 00:30:54 [notice] 1#1: worker process 31 exited with code 0
2025/03/29 00:30:54 [notice] 1#1: exit
2025/03/29 00:31:10 [notice] 1#1: using the "epoll" event method
2025/03/29 00:31:10 [notice] 1#1: nginx/1.27.4
2025/03/29 00:31:10 [notice] 1#1: built by gcc 14.2.0 (Alpine 14.2.0) 
2025/03/29 00:31:10 [notice] 1#1: OS: Linux 5.15.167.4-microsoft-standard-WSL2
2025/03/29 00:31:10 [notice] 1#1: getrlimit(RLIMIT_NOFILE): 1048576:1048576
2025/03/29 00:31:10 [notice] 1#1: start worker processes
2025/03/29 00:31:10 [notice] 1#1: start worker process 20
2025/03/29 00:31:10 [notice] 1#1: start worker process 21
2025/03/29 00:31:10 [notice] 1#1: start worker process 22
2025/03/29 00:31:10 [notice] 1#1: start worker process 23
2025/03/29 00:31:10 [notice] 1#1: start worker process 24
2025/03/29 00:31:10 [notice] 1#1: start worker process 25
2025/03/29 00:31:10 [notice] 1#1: start worker process 26
2025/03/29 00:31:10 [notice] 1#1: start worker process 27
2025/03/29 00:31:10 [notice] 1#1: start worker process 28
2025/03/29 00:31:10 [notice] 1#1: start worker process 29
2025/03/29 00:31:10 [notice] 1#1: start worker process 30
2025/03/29 00:31:10 [notice] 1#1: start worker process 31
2025/03/29 15:59:47 [notice] 1#1: using the "epoll" event method
2025/03/29 15:59:47 [notice] 1#1: nginx/1.27.4
2025/03/29 15:59:47 [notice] 1#1: built by gcc 14.2.0 (Alpine 14.2.0) 
2025/03/29 15:59:47 [notice] 1#1: OS: Linux 5.15.167.4-microsoft-standard-WSL2
2025/03/29 15:59:47 [notice] 1#1: getrlimit(RLIMIT_NOFILE): 1048576:1048576
2025/03/29 15:59:47 [notice] 1#1: start worker processes
2025/03/29 15:59:47 [notice] 1#1: start worker process 21
2025/03/29 15:59:47 [notice] 1#1: start worker process 22
2025/03/29 15:59:47 [notice] 1#1: start worker process 23
2025/03/29 15:59:47 [notice] 1#1: start worker process 24
2025/03/29 15:59:47 [notice] 1#1: start worker process 25
2025/03/29 15:59:47 [notice] 1#1: start worker process 26
2025/03/29 15:59:47 [notice] 1#1: start worker process 27
2025/03/29 15:59:47 [notice] 1#1: start worker process 28
2025/03/29 15:59:47 [notice] 1#1: start worker process 29
2025/03/29 15:59:47 [notice] 1#1: start worker process 30
2025/03/29 15:59:47 [notice] 1#1: start worker process 31
2025/03/29 15:59:47 [notice] 1#1: start worker process 32
